d:\github\brisingr-engine\engine-core\$bin\debug\intermediates\vc140.pdb
d:\github\brisingr-engine\engine-core\$bin\debug\intermediates\vc140.idb
d:\github\brisingr-engine\engine-core\$bin\debug\intermediates\ftwinfnt.obj
d:\github\brisingr-engine\engine-core\$bin\debug\intermediates\ftxf86.obj
d:\github\brisingr-engine\engine-core\$bin\debug\intermediates\bdf.obj
d:\github\brisingr-engine\engine-core\$bin\debug\intermediates\ftcache.obj
d:\github\brisingr-engine\engine-core\$bin\debug\intermediates\cff.obj
d:\github\brisingr-engine\engine-core\$bin\debug\intermediates\type1cid.obj
d:\github\brisingr-engine\engine-core\$bin\debug\intermediates\ftgzip.obj
d:\github\brisingr-engine\engine-core\$bin\debug\intermediates\ftlzw.obj
d:\github\brisingr-engine\engine-core\$bin\debug\intermediates\pcf.obj
d:\github\brisingr-engine\engine-core\$bin\debug\intermediates\pfr.obj
d:\github\brisingr-engine\engine-core\$bin\debug\intermediates\psaux.obj
d:\github\brisingr-engine\engine-core\$bin\debug\intermediates\pshinter.obj
d:\github\brisingr-engine\engine-core\$bin\debug\intermediates\psmodule.obj
d:\github\brisingr-engine\engine-core\$bin\debug\intermediates\raster.obj
d:\github\brisingr-engine\engine-core\$bin\debug\intermediates\sfnt.obj
d:\github\brisingr-engine\engine-core\$bin\debug\intermediates\smooth.obj
d:\github\brisingr-engine\engine-core\$bin\debug\intermediates\truetype.obj
d:\github\brisingr-engine\engine-core\$bin\debug\intermediates\type1.obj
d:\github\brisingr-engine\engine-core\$bin\debug\intermediates\type42.obj
d:\github\brisingr-engine\engine-core\$bin\debug\intermediates\winfnt.obj
d:\github\brisingr-engine\engine-core\$bin\debug\intermediates\vector.obj
d:\github\brisingr-engine\engine-core\$bin\debug\intermediates\autofit.obj
d:\github\brisingr-engine\engine-core\$bin\debug\intermediates\ftbase.obj
d:\github\brisingr-engine\engine-core\$bin\debug\intermediates\ftbbox.obj
d:\github\brisingr-engine\engine-core\$bin\debug\intermediates\ftbitmap.obj
d:\github\brisingr-engine\engine-core\$bin\debug\intermediates\ftdebug.obj
d:\github\brisingr-engine\engine-core\$bin\debug\intermediates\ftfstype.obj
d:\github\brisingr-engine\engine-core\$bin\debug\intermediates\ftgasp.obj
d:\github\brisingr-engine\engine-core\$bin\debug\intermediates\ftglyph.obj
d:\github\brisingr-engine\engine-core\$bin\debug\intermediates\ftgxval.obj
d:\github\brisingr-engine\engine-core\$bin\debug\intermediates\ftinit.obj
d:\github\brisingr-engine\engine-core\$bin\debug\intermediates\ftlcdfil.obj
d:\github\brisingr-engine\engine-core\$bin\debug\intermediates\ftmm.obj
d:\github\brisingr-engine\engine-core\$bin\debug\intermediates\ftotval.obj
d:\github\brisingr-engine\engine-core\$bin\debug\intermediates\ftpatent.obj
d:\github\brisingr-engine\engine-core\$bin\debug\intermediates\ftpfr.obj
d:\github\brisingr-engine\engine-core\$bin\debug\intermediates\ftstroke.obj
d:\github\brisingr-engine\engine-core\$bin\debug\intermediates\ftsynth.obj
d:\github\brisingr-engine\engine-core\$bin\debug\intermediates\ftsystem.obj
d:\github\brisingr-engine\engine-core\$bin\debug\intermediates\fttype1.obj
d:\github\brisingr-engine\engine-core\$bin\debug\intermediates\platform.obj
d:\github\brisingr-engine\engine-core\$bin\debug\intermediates\texture-atlas.obj
d:\github\brisingr-engine\engine-core\$bin\debug\intermediates\texture-font.obj
d:\github\brisingr-engine\engine-core\$bin\debug\intermediates\main.obj
d:\github\brisingr-engine\engine-core\$bin\debug\intermediates\batchrenderer2d.obj
d:\github\brisingr-engine\engine-core\$bin\debug\intermediates\buffer.obj
d:\github\brisingr-engine\engine-core\$bin\debug\intermediates\indexbuffer.obj
d:\github\brisingr-engine\engine-core\$bin\debug\intermediates\vertexarray.obj
d:\github\brisingr-engine\engine-core\$bin\debug\intermediates\label.obj
d:\github\brisingr-engine\engine-core\$bin\debug\intermediates\group.obj
d:\github\brisingr-engine\engine-core\$bin\debug\intermediates\layer.obj
d:\github\brisingr-engine\engine-core\$bin\debug\intermediates\tilelayer.obj
d:\github\brisingr-engine\engine-core\$bin\debug\intermediates\simple2drenderer.obj
d:\github\brisingr-engine\engine-core\$bin\debug\intermediates\shader.obj
d:\github\brisingr-engine\engine-core\$bin\debug\intermediates\sprite.obj
d:\github\brisingr-engine\engine-core\$bin\debug\intermediates\static_sprite.obj
d:\github\brisingr-engine\engine-core\$bin\debug\intermediates\texture.obj
d:\github\brisingr-engine\engine-core\$bin\debug\intermediates\window.obj
d:\github\brisingr-engine\engine-core\$bin\debug\intermediates\mat4.obj
d:\github\brisingr-engine\engine-core\$bin\debug\intermediates\vec2.obj
d:\github\brisingr-engine\engine-core\$bin\debug\intermediates\vec3.obj
d:\github\brisingr-engine\engine-core\$bin\debug\intermediates\vec4.obj
d:\github\brisingr-engine\engine-core\$bin\debug\engine-core.lib
d:\github\brisingr-engine\engine-core\$bin\debug\engine-core.exp
d:\github\brisingr-engine\engine-core\$bin\debug\engine-core.ilk
d:\github\brisingr-engine\engine-core\$bin\debug\engine-core.exe
d:\github\brisingr-engine\engine-core\$bin\debug\engine-core.pdb
d:\github\brisingr-engine\engine-core\$bin\debug\intermediates\engine-core.tlog\cl.command.1.tlog
d:\github\brisingr-engine\engine-core\$bin\debug\intermediates\engine-core.tlog\cl.read.1.tlog
d:\github\brisingr-engine\engine-core\$bin\debug\intermediates\engine-core.tlog\cl.write.1.tlog
d:\github\brisingr-engine\engine-core\$bin\debug\intermediates\engine-core.tlog\engine-core.write.1u.tlog
d:\github\brisingr-engine\engine-core\$bin\debug\intermediates\engine-core.tlog\link.command.1.tlog
d:\github\brisingr-engine\engine-core\$bin\debug\intermediates\engine-core.tlog\link.read.1.tlog
d:\github\brisingr-engine\engine-core\$bin\debug\intermediates\engine-core.tlog\link.write.1.tlog
