  texture-atlas.c
ext\freetype-gl\texture-atlas.c(133): warning C4090: '=': different 'const' qualifiers
ext\freetype-gl\texture-atlas.c(237): warning C4018: '<': signed/unsigned mismatch
  texture-font.c
  main.cpp
d:\github\brisingr-engine\engine-core\engine-core\src\maths\Maths func.h(13): warning C4244: 'return': conversion from 'double' to 'float', possible loss of data
d:\github\brisingr-engine\engine-core\engine-core\src/maths/Maths.h(4): warning C4067: unexpected tokens following preprocessor directive - expected a newline
d:\github\brisingr-engine\engine-core\engine-core\src/maths/Maths.h(5): warning C4067: unexpected tokens following preprocessor directive - expected a newline
d:\github\brisingr-engine\engine-core\engine-core\src/maths/Maths.h(6): warning C4067: unexpected tokens following preprocessor directive - expected a newline
d:\github\brisingr-engine\engine-core\engine-core\src/graphics/layer/TileLayer.h(3): warning C4067: unexpected tokens following preprocessor directive - expected a newline
main.cpp(106): warning C4067: unexpected tokens following preprocessor directive - expected a newline
     Creating library D:\GitHub\Brisingr-Engine\Engine-Core\$bin\Release\Engine-Core.lib and object D:\GitHub\Brisingr-Engine\Engine-Core\$bin\Release\Engine-Core.exp
LINK : warning LNK4098: defaultlib 'LIBCMT' conflicts with use of other libs; use /NODEFAULTLIB:library
  Generating code
  120 of 1983 functions ( 6.1%) were compiled, the rest were copied from previous compilation.
    37 functions were new in current compilation
    16 functions had inline decision re-evaluated but remain unchanged
  Finished generating code
glew32s.lib(glew.obj) : warning LNK4099: PDB 'vc120.pdb' was not found with 'glew32s.lib(glew.obj)' or at 'D:\GitHub\Brisingr-Engine\Engine-Core\$bin\Release\vc120.pdb'; linking object as if no debug info
  Engine-Core.vcxproj -> D:\GitHub\Brisingr-Engine\Engine-Core\$bin\Release\Engine-Core.exe
  Engine-Core.vcxproj -> D:\GitHub\Brisingr-Engine\Engine-Core\$bin\Release\Engine-Core.pdb (Full PDB)
