d:\github\brisingr-engine\engine-core\$bin\release\intermediates\vc140.pdb
d:\github\brisingr-engine\engine-core\$bin\release\intermediates\ftotval.obj
d:\github\brisingr-engine\engine-core\$bin\release\intermediates\ftmm.obj
d:\github\brisingr-engine\engine-core\$bin\release\intermediates\ftlcdfil.obj
d:\github\brisingr-engine\engine-core\$bin\release\intermediates\ftinit.obj
d:\github\brisingr-engine\engine-core\$bin\release\intermediates\ftgxval.obj
d:\github\brisingr-engine\engine-core\$bin\release\intermediates\ftglyph.obj
d:\github\brisingr-engine\engine-core\$bin\release\intermediates\ftgasp.obj
d:\github\brisingr-engine\engine-core\$bin\release\intermediates\ftfstype.obj
d:\github\brisingr-engine\engine-core\$bin\release\intermediates\ftdebug.obj
d:\github\brisingr-engine\engine-core\$bin\release\intermediates\ftbitmap.obj
d:\github\brisingr-engine\engine-core\$bin\release\intermediates\ftbbox.obj
d:\github\brisingr-engine\engine-core\$bin\release\intermediates\ftbase.obj
d:\github\brisingr-engine\engine-core\$bin\release\intermediates\autofit.obj
d:\github\brisingr-engine\engine-core\$bin\release\intermediates\vector.obj
d:\github\brisingr-engine\engine-core\$bin\release\intermediates\texture-font.obj
d:\github\brisingr-engine\engine-core\$bin\release\intermediates\texture-atlas.obj
d:\github\brisingr-engine\engine-core\$bin\release\intermediates\platform.obj
d:\github\brisingr-engine\engine-core\$bin\release\intermediates\utf8-utils.obj
d:\github\brisingr-engine\engine-core\$bin\release\intermediates\edtaa3func.obj
d:\github\brisingr-engine\engine-core\$bin\release\intermediates\distance-field.obj
d:\github\brisingr-engine\engine-core\$bin\release\intermediates\raster.obj
d:\github\brisingr-engine\engine-core\$bin\release\intermediates\psmodule.obj
d:\github\brisingr-engine\engine-core\$bin\release\intermediates\pshinter.obj
d:\github\brisingr-engine\engine-core\$bin\release\intermediates\psaux.obj
d:\github\brisingr-engine\engine-core\$bin\release\intermediates\pfr.obj
d:\github\brisingr-engine\engine-core\$bin\release\intermediates\pcf.obj
d:\github\brisingr-engine\engine-core\$bin\release\intermediates\ftlzw.obj
d:\github\brisingr-engine\engine-core\$bin\release\intermediates\ftgzip.obj
d:\github\brisingr-engine\engine-core\$bin\release\intermediates\type1cid.obj
d:\github\brisingr-engine\engine-core\$bin\release\intermediates\cff.obj
d:\github\brisingr-engine\engine-core\$bin\release\intermediates\ftcache.obj
d:\github\brisingr-engine\engine-core\$bin\release\intermediates\bdf.obj
d:\github\brisingr-engine\engine-core\$bin\release\intermediates\ftxf86.obj
d:\github\brisingr-engine\engine-core\$bin\release\intermediates\ftwinfnt.obj
d:\github\brisingr-engine\engine-core\$bin\release\intermediates\fttype1.obj
d:\github\brisingr-engine\engine-core\$bin\release\intermediates\ftsystem.obj
d:\github\brisingr-engine\engine-core\$bin\release\intermediates\ftsynth.obj
d:\github\brisingr-engine\engine-core\$bin\release\intermediates\ftstroke.obj
d:\github\brisingr-engine\engine-core\$bin\release\intermediates\ftpfr.obj
d:\github\brisingr-engine\engine-core\$bin\release\intermediates\ftpatent.obj
d:\github\brisingr-engine\engine-core\$bin\release\intermediates\winfnt.obj
d:\github\brisingr-engine\engine-core\$bin\release\intermediates\type42.obj
d:\github\brisingr-engine\engine-core\$bin\release\intermediates\type1.obj
d:\github\brisingr-engine\engine-core\$bin\release\intermediates\truetype.obj
d:\github\brisingr-engine\engine-core\$bin\release\intermediates\smooth.obj
d:\github\brisingr-engine\engine-core\$bin\release\intermediates\sfnt.obj
d:\github\brisingr-engine\engine-core\$bin\release\intermediates\vec4.obj
d:\github\brisingr-engine\engine-core\$bin\release\intermediates\vec3.obj
d:\github\brisingr-engine\engine-core\$bin\release\intermediates\vec2.obj
d:\github\brisingr-engine\engine-core\$bin\release\intermediates\mat4.obj
d:\github\brisingr-engine\engine-core\$bin\release\intermediates\window.obj
d:\github\brisingr-engine\engine-core\$bin\release\intermediates\texture.obj
d:\github\brisingr-engine\engine-core\$bin\release\intermediates\static_sprite.obj
d:\github\brisingr-engine\engine-core\$bin\release\intermediates\sprite.obj
d:\github\brisingr-engine\engine-core\$bin\release\intermediates\shader.obj
d:\github\brisingr-engine\engine-core\$bin\release\intermediates\simple2drenderer.obj
d:\github\brisingr-engine\engine-core\$bin\release\intermediates\tilelayer.obj
d:\github\brisingr-engine\engine-core\$bin\release\intermediates\layer.obj
d:\github\brisingr-engine\engine-core\$bin\release\intermediates\group.obj
d:\github\brisingr-engine\engine-core\$bin\release\intermediates\label.obj
d:\github\brisingr-engine\engine-core\$bin\release\intermediates\vertexarray.obj
d:\github\brisingr-engine\engine-core\$bin\release\intermediates\indexbuffer.obj
d:\github\brisingr-engine\engine-core\$bin\release\intermediates\buffer.obj
d:\github\brisingr-engine\engine-core\$bin\release\intermediates\batchrenderer2d.obj
d:\github\brisingr-engine\engine-core\$bin\release\intermediates\main.obj
d:\github\brisingr-engine\engine-core\$bin\release\intermediates\engine-core.tlog\cl.command.1.tlog
d:\github\brisingr-engine\engine-core\$bin\release\intermediates\engine-core.tlog\cl.read.1.tlog
d:\github\brisingr-engine\engine-core\$bin\release\intermediates\engine-core.tlog\cl.write.1.tlog
d:\github\brisingr-engine\engine-core\$bin\release\intermediates\engine-core.tlog\link.command.1.tlog
d:\github\brisingr-engine\engine-core\$bin\release\intermediates\engine-core.tlog\link.read.1.tlog
d:\github\brisingr-engine\engine-core\$bin\release\intermediates\engine-core.tlog\link.read.3.tlog
d:\github\brisingr-engine\engine-core\$bin\release\intermediates\engine-core.tlog\link.read.5.tlog
d:\github\brisingr-engine\engine-core\$bin\release\intermediates\engine-core.tlog\link.write.1.tlog
