d:\github\brisingr-engine\engine-core\dependencies\freetype\freetype-2.5.5\objs\vc2010\win32\release multithreaded\ftsynth.obj
d:\github\brisingr-engine\engine-core\dependencies\freetype\freetype-2.5.5\objs\vc2010\win32\release multithreaded\ftxf86.obj
d:\github\brisingr-engine\engine-core\dependencies\freetype\freetype-2.5.5\objs\vc2010\win32\release multithreaded\ftbbox.obj
d:\github\brisingr-engine\engine-core\dependencies\freetype\freetype-2.5.5\objs\vc2010\win32\release multithreaded\ftlcdfil.obj
d:\github\brisingr-engine\engine-core\dependencies\freetype\freetype-2.5.5\objs\vc2010\win32\release multithreaded\ftstroke.obj
d:\github\brisingr-engine\engine-core\dependencies\freetype\freetype-2.5.5\objs\vc2010\win32\release multithreaded\ftgxval.obj
d:\github\brisingr-engine\engine-core\dependencies\freetype\freetype-2.5.5\objs\vc2010\win32\release multithreaded\ftbitmap.obj
d:\github\brisingr-engine\engine-core\dependencies\freetype\freetype-2.5.5\objs\vc2010\win32\release multithreaded\ftotval.obj
d:\github\brisingr-engine\engine-core\dependencies\freetype\freetype-2.5.5\objs\vc2010\win32\release multithreaded\ftpfr.obj
d:\github\brisingr-engine\engine-core\dependencies\freetype\freetype-2.5.5\objs\vc2010\win32\release multithreaded\ftwinfnt.obj
d:\github\brisingr-engine\engine-core\dependencies\freetype\freetype-2.5.5\objs\vc2010\win32\release multithreaded\ftfstype.obj
d:\github\brisingr-engine\engine-core\dependencies\freetype\freetype-2.5.5\objs\vc2010\win32\release multithreaded\ftpatent.obj
d:\github\brisingr-engine\engine-core\dependencies\freetype\freetype-2.5.5\objs\vc2010\win32\release multithreaded\ftgasp.obj
d:\github\brisingr-engine\engine-core\dependencies\freetype\freetype-2.5.5\objs\vc2010\win32\release multithreaded\fttype1.obj
d:\github\brisingr-engine\engine-core\dependencies\freetype\freetype-2.5.5\objs\vc2010\win32\release multithreaded\autofit.obj
d:\github\brisingr-engine\engine-core\dependencies\freetype\freetype-2.5.5\objs\vc2010\win32\release multithreaded\bdf.obj
d:\github\brisingr-engine\engine-core\dependencies\freetype\freetype-2.5.5\objs\vc2010\win32\release multithreaded\sfnt.obj
d:\github\brisingr-engine\engine-core\dependencies\freetype\freetype-2.5.5\objs\vc2010\win32\release multithreaded\ftgzip.obj
d:\github\brisingr-engine\engine-core\dependencies\freetype\freetype-2.5.5\objs\vc2010\win32\release multithreaded\raster.obj
d:\github\brisingr-engine\engine-core\dependencies\freetype\freetype-2.5.5\objs\vc2010\win32\release multithreaded\truetype.obj
d:\github\brisingr-engine\engine-core\dependencies\freetype\freetype-2.5.5\objs\vc2010\win32\release multithreaded\ftcache.obj
d:\github\brisingr-engine\engine-core\dependencies\freetype\freetype-2.5.5\objs\vc2010\win32\release multithreaded\psmodule.obj
d:\github\brisingr-engine\engine-core\dependencies\freetype\freetype-2.5.5\objs\vc2010\win32\release multithreaded\winfnt.obj
d:\github\brisingr-engine\engine-core\dependencies\freetype\freetype-2.5.5\objs\vc2010\win32\release multithreaded\ftglyph.obj
d:\github\brisingr-engine\engine-core\dependencies\freetype\freetype-2.5.5\objs\vc2010\win32\release multithreaded\ftsystem.obj
d:\github\brisingr-engine\engine-core\dependencies\freetype\freetype-2.5.5\objs\vc2010\win32\release multithreaded\pcf.obj
d:\github\brisingr-engine\engine-core\dependencies\freetype\freetype-2.5.5\objs\vc2010\win32\release multithreaded\psaux.obj
d:\github\brisingr-engine\engine-core\dependencies\freetype\freetype-2.5.5\objs\vc2010\win32\release multithreaded\type1.obj
d:\github\brisingr-engine\engine-core\dependencies\freetype\freetype-2.5.5\objs\vc2010\win32\release multithreaded\ftbase.obj
d:\github\brisingr-engine\engine-core\dependencies\freetype\freetype-2.5.5\objs\vc2010\win32\release multithreaded\type1cid.obj
d:\github\brisingr-engine\engine-core\dependencies\freetype\freetype-2.5.5\objs\vc2010\win32\release multithreaded\cff.obj
d:\github\brisingr-engine\engine-core\dependencies\freetype\freetype-2.5.5\objs\vc2010\win32\release multithreaded\type42.obj
d:\github\brisingr-engine\engine-core\dependencies\freetype\freetype-2.5.5\objs\vc2010\win32\release multithreaded\ftinit.obj
d:\github\brisingr-engine\engine-core\dependencies\freetype\freetype-2.5.5\objs\vc2010\win32\release multithreaded\ftmm.obj
d:\github\brisingr-engine\engine-core\dependencies\freetype\freetype-2.5.5\objs\vc2010\win32\release multithreaded\pshinter.obj
d:\github\brisingr-engine\engine-core\dependencies\freetype\freetype-2.5.5\objs\vc2010\win32\release multithreaded\ftlzw.obj
d:\github\brisingr-engine\engine-core\dependencies\freetype\freetype-2.5.5\objs\vc2010\win32\release multithreaded\smooth.obj
d:\github\brisingr-engine\engine-core\dependencies\freetype\freetype-2.5.5\objs\vc2010\win32\release multithreaded\pfr.obj
d:\github\brisingr-engine\engine-core\dependencies\freetype\freetype-2.5.5\objs\vc2010\win32\release multithreaded\ftdebug.obj
d:\github\brisingr-engine\engine-core\dependencies\freetype\freetype-2.5.5\objs\vc2010\win32\freetype255mt.lib
d:\github\brisingr-engine\engine-core\dependencies\freetype\freetype-2.5.5\builds\windows\vc2010\.\..\..\..\objs\vc2010\win32\freetype255mt.lib
d:\github\brisingr-engine\engine-core\dependencies\freetype\freetype-2.5.5\objs\vc2010\win32\release multithreaded\freetype.tlog\cl.command.1.tlog
d:\github\brisingr-engine\engine-core\dependencies\freetype\freetype-2.5.5\objs\vc2010\win32\release multithreaded\freetype.tlog\cl.read.1.tlog
d:\github\brisingr-engine\engine-core\dependencies\freetype\freetype-2.5.5\objs\vc2010\win32\release multithreaded\freetype.tlog\cl.write.1.tlog
d:\github\brisingr-engine\engine-core\dependencies\freetype\freetype-2.5.5\objs\vc2010\win32\release multithreaded\freetype.tlog\lib-link.read.1.tlog
d:\github\brisingr-engine\engine-core\dependencies\freetype\freetype-2.5.5\objs\vc2010\win32\release multithreaded\freetype.tlog\lib-link.write.1.tlog
d:\github\brisingr-engine\engine-core\dependencies\freetype\freetype-2.5.5\objs\vc2010\win32\release multithreaded\freetype.tlog\lib.command.1.tlog
